This is XeTeX, Version 3.14159265-2.6-0.99992 (TeX Live 2015/Debian) (preloaded format=xelatex 2018.4.26)  1 MAY 2018 20:00
entering extended mode
 restricted \write18 enabled.
 %&-line parsing enabled.
**intro.tex
(./intro.tex
LaTeX2e <2016/02/01>
Babel <3.9q> and hyphenation patterns for 81 language(s) loaded.
! Undefined control sequence.
l.2 \chapter
            {绪论}
The control sequence at the end of the top line
of your error message was never \def'ed. If you have
misspelled it (e.g., `\hobx'), type `I' and the correct
spelling (e.g., `I\hbox'). Otherwise just continue,
and I'll forget about whatever was undefined.


! LaTeX Error: Missing \begin{document}.

See the LaTeX manual or LaTeX Companion for explanation.
Type  H <return>  for immediate help.
 ...                                              
                                                  
l.2 \chapter{绪
                论}
You're in trouble here.  Try typing  <return>  to proceed.
If that doesn't work, type  X <return>  to quit.

Missing character: There is no 绪 in font nullfont!
Missing character: There is no 论 in font nullfont!

Overfull \hbox (20.0pt too wide) in paragraph at lines 2--4
[]
 []

! Undefined control sequence.
l.7 \section
            {课题背景}
The control sequence at the end of the top line
of your error message was never \def'ed. If you have
misspelled it (e.g., `\hobx'), type `I' and the correct
spelling (e.g., `I\hbox'). Otherwise just continue,
and I'll forget about whatever was undefined.


! LaTeX Error: Missing \begin{document}.

See the LaTeX manual or LaTeX Companion for explanation.
Type  H <return>  for immediate help.
 ...                                              
                                                  
l.7 \section{课
                题背景}
You're in trouble here.  Try typing  <return>  to proceed.
If that doesn't work, type  X <return>  to quit.

Missing character: There is no 课 in font nullfont!
Missing character: There is no 题 in font nullfont!
Missing character: There is no 背 in font nullfont!
Missing character: There is no 景 in font nullfont!
Missing character: There is no 我 in font nullfont!
Missing character: There is no 要 in font nullfont!
Missing character: There is no 使 in font nullfont!
Missing character: There is no 用 in font nullfont!
Missing character: There is no 引 in font nullfont!
Missing character: There is no 用 in font nullfont!
Missing character: There is no 命 in font nullfont!
Missing character: There is no 令 in font nullfont!
Missing character: There is no 为 in font nullfont!
Missing character: There is no 我 in font nullfont!
Missing character: There is no 的 in font nullfont!
Missing character: There is no 文 in font nullfont!
Missing character: There is no 章 in font nullfont!
Missing character: There is no 引 in font nullfont!
Missing character: There is no 用 in font nullfont!
Missing character: There is no 文 in font nullfont!
Missing character: There is no 献 in font nullfont!
Missing character: There is no ： in font nullfont!

Overfull \hbox (20.0pt too wide) in paragraph at lines 7--9
[]
 []

! Undefined control sequence.
l.10 \subsection
                {该小节插图}
The control sequence at the end of the top line
of your error message was never \def'ed. If you have
misspelled it (e.g., `\hobx'), type `I' and the correct
spelling (e.g., `I\hbox'). Otherwise just continue,
and I'll forget about whatever was undefined.


! LaTeX Error: Missing \begin{document}.

See the LaTeX manual or LaTeX Companion for explanation.
Type  H <return>  for immediate help.
 ...                                              
                                                  
l.10 \subsection{该
                    小节插图}
You're in trouble here.  Try typing  <return>  to proceed.
If that doesn't work, type  X <return>  to quit.

Missing character: There is no 该 in font nullfont!
Missing character: There is no 小 in font nullfont!
Missing character: There is no 节 in font nullfont!
Missing character: There is no 插 in font nullfont!
Missing character: There is no 图 in font nullfont!
Missing character: There is no 这 in font nullfont!
Missing character: There is no 里 in font nullfont!
Missing character: There is no 我 in font nullfont!
Missing character: There is no 要 in font nullfont!
Missing character: There is no 使 in font nullfont!
Missing character: There is no 用 in font nullfont!
Missing character: There is no 图 in font nullfont!
Missing character: There is no 形 in font nullfont!
Missing character: There is no 环 in font nullfont!
Missing character: There is no 境 in font nullfont!
Missing character: There is no 插 in font nullfont!
Missing character: There is no 图 in font nullfont!
Missing character: There is no 。 in font nullfont!
Missing character: There is no 注 in font nullfont!
Missing character: There is no 意 in font nullfont!
Missing character: There is no 该 in font nullfont!
Missing character: There is no 插 in font nullfont!
Missing character: There is no 图 in font nullfont!
Missing character: There is no 拥 in font nullfont!
Missing character: There is no 有 in font nullfont!
Missing character: There is no 中 in font nullfont!
Missing character: There is no 英 in font nullfont!
Missing character: There is no 双 in font nullfont!
Missing character: There is no 语 in font nullfont!
Missing character: There is no 图 in font nullfont!
Missing character: There is no 注 in font nullfont!
Missing character: There is no 和 in font nullfont!
Missing character: There is no 自 in font nullfont!
Missing character: There is no 动 in font nullfont!
Missing character: There is no 生 in font nullfont!
Missing character: There is no 成 in font nullfont!
Missing character: There is no 的 in font nullfont!
Missing character: There is no 图 in font nullfont!
Missing character: There is no 形 in font nullfont!
Missing character: There is no 编 in font nullfont!
Missing character: There is no 号 in font nullfont!
Missing character: There is no 。 in font nullfont!
Missing character: There is no 同 in font nullfont!
Missing character: There is no 时 in font nullfont!
Missing character: There is no 我 in font nullfont!
Missing character: There is no 要 in font nullfont!
Missing character: There is no 引 in font nullfont!
Missing character: There is no 用 in font nullfont!
Missing character: There is no 该 in font nullfont!
Missing character: There is no 图 in font nullfont!
Missing character: There is no 形 in font nullfont!
Missing character: There is no ： in font nullfont!
Missing character: There is no 该 in font nullfont!
Missing character: There is no 图 in font nullfont!
Missing character: There is no 的 in font nullfont!
Missing character: There is no 编 in font nullfont!
Missing character: There is no 号 in font nullfont!
Missing character: There is no 是 in font nullfont!

Overfull \hbox (20.0pt too wide) in paragraph at lines 10--12
[]
 []

! Undefined control sequence.
l.13 \subsection
                {该小节插入公式}
The control sequence at the end of the top line
of your error message was never \def'ed. If you have
misspelled it (e.g., `\hobx'), type `I' and the correct
spelling (e.g., `I\hbox'). Otherwise just continue,
and I'll forget about whatever was undefined.


! LaTeX Error: Missing \begin{document}.

See the LaTeX manual or LaTeX Companion for explanation.
Type  H <return>  for immediate help.
 ...                                              
                                                  
l.13 \subsection{该
                    小节插入公式}
You're in trouble here.  Try typing  <return>  to proceed.
If that doesn't work, type  X <return>  to quit.

Missing character: There is no 该 in font nullfont!
Missing character: There is no 小 in font nullfont!
Missing character: There is no 节 in font nullfont!
Missing character: There is no 插 in font nullfont!
Missing character: There is no 入 in font nullfont!
Missing character: There is no 公 in font nullfont!
Missing character: There is no 式 in font nullfont!
Missing character: There is no 我 in font nullfont!
Missing character: There is no 还 in font nullfont!
Missing character: There is no 要 in font nullfont!
Missing character: There is no 使 in font nullfont!
Missing character: There is no 用 in font nullfont!
Missing character: There is no 公 in font nullfont!
Missing character: There is no 式 in font nullfont!
Missing character: There is no 环 in font nullfont!
Missing character: There is no 境 in font nullfont!
Missing character: There is no 插 in font nullfont!
Missing character: There is no 入 in font nullfont!
Missing character: There is no 公 in font nullfont!
Missing character: There is no 式 in font nullfont!
Missing character: There is no 。 in font nullfont!
Missing character: There is no 注 in font nullfont!
Missing character: There is no 意 in font nullfont!
Missing character: There is no 公 in font nullfont!
Missing character: There is no 式 in font nullfont!
Missing character: There is no 是 in font nullfont!
Missing character: There is no 自 in font nullfont!
Missing character: There is no 动 in font nullfont!
Missing character: There is no 居 in font nullfont!
Missing character: There is no 中 in font nullfont!
Missing character: There is no 编 in font nullfont!
Missing character: There is no 号 in font nullfont!

Overfull \hbox (20.0pt too wide) in paragraph at lines 13--15
[]
 []

! Undefined control sequence.
l.16 \section
             {本章小结}
The control sequence at the end of the top line
of your error message was never \def'ed. If you have
misspelled it (e.g., `\hobx'), type `I' and the correct
spelling (e.g., `I\hbox'). Otherwise just continue,
and I'll forget about whatever was undefined.


! LaTeX Error: Missing \begin{document}.

See the LaTeX manual or LaTeX Companion for explanation.
Type  H <return>  for immediate help.
 ...                                              
                                                  
l.16 \section{本
                 章小结}
You're in trouble here.  Try typing  <return>  to proceed.
If that doesn't work, type  X <return>  to quit.

Missing character: There is no 本 in font nullfont!
Missing character: There is no 章 in font nullfont!
Missing character: There is no 小 in font nullfont!
Missing character: There is no 结 in font nullfont!
)
! Emergency stop.
<*> intro.tex
             
*** (job aborted, no legal \end found)

 
Here is how much of TeX's memory you used:
 4 strings out of 493638
 34 string characters out of 6146796
 53592 words of memory out of 5000000
 3505 multiletter control sequences out of 15000+600000
 3640 words of font info for 14 fonts, out of 8000000 for 9000
 1328 hyphenation exceptions out of 8191
 5i,0n,4p,65b,16s stack positions out of 5000i,500n,10000p,200000b,80000s
No pages of output.
