This is XeTeX, Version 3.14159265-2.6-0.99992 (TeX Live 2015/Debian) (preloaded format=xelatex 2018.4.26)  1 MAY 2018 20:49
entering extended mode
 restricted \write18 enabled.
 %&-line parsing enabled.
**review.tex
(./review.tex
LaTeX2e <2016/02/01>
Babel <3.9q> and hyphenation patterns for 81 language(s) loaded.
! Undefined control sequence.
l.2 \chapter
            {系统测试与实验结果分析}
The control sequence at the end of the top line
of your error message was never \def'ed. If you have
misspelled it (e.g., `\hobx'), type `I' and the correct
spelling (e.g., `I\hbox'). Otherwise just continue,
and I'll forget about whatever was undefined.


! LaTeX Error: Missing \begin{document}.

See the LaTeX manual or LaTeX Companion for explanation.
Type  H <return>  for immediate help.
 ...                                              
                                                  
l.2 \chapter{系
                统测试与实验结果分析}
You're in trouble here.  Try typing  <return>  to proceed.
If that doesn't work, type  X <return>  to quit.

Missing character: There is no 系 in font nullfont!
Missing character: There is no 统 in font nullfont!
Missing character: There is no 测 in font nullfont!
Missing character: There is no 试 in font nullfont!
Missing character: There is no 与 in font nullfont!
Missing character: There is no 实 in font nullfont!
Missing character: There is no 验 in font nullfont!
Missing character: There is no 结 in font nullfont!
Missing character: There is no 果 in font nullfont!
Missing character: There is no 分 in font nullfont!
Missing character: There is no 析 in font nullfont!
! Undefined control sequence.
l.4 \section
            {测试方案}
The control sequence at the end of the top line
of your error message was never \def'ed. If you have
misspelled it (e.g., `\hobx'), type `I' and the correct
spelling (e.g., `I\hbox'). Otherwise just continue,
and I'll forget about whatever was undefined.

Missing character: There is no 测 in font nullfont!
Missing character: There is no 试 in font nullfont!
Missing character: There is no 方 in font nullfont!
Missing character: There is no 案 in font nullfont!
! Undefined control sequence.
l.5 \section
            {系统测量精度测试}
The control sequence at the end of the top line
of your error message was never \def'ed. If you have
misspelled it (e.g., `\hobx'), type `I' and the correct
spelling (e.g., `I\hbox'). Otherwise just continue,
and I'll forget about whatever was undefined.

Missing character: There is no 系 in font nullfont!
Missing character: There is no 统 in font nullfont!
Missing character: There is no 测 in font nullfont!
Missing character: There is no 量 in font nullfont!
Missing character: There is no 精 in font nullfont!
Missing character: There is no 度 in font nullfont!
Missing character: There is no 测 in font nullfont!
Missing character: There is no 试 in font nullfont!
! Undefined control sequence.
l.6 \section
            {误差分析}
The control sequence at the end of the top line
of your error message was never \def'ed. If you have
misspelled it (e.g., `\hobx'), type `I' and the correct
spelling (e.g., `I\hbox'). Otherwise just continue,
and I'll forget about whatever was undefined.

Missing character: There is no 误 in font nullfont!
Missing character: There is no 差 in font nullfont!
Missing character: There is no 分 in font nullfont!
Missing character: There is no 析 in font nullfont!

Overfull \hbox (20.0pt too wide) in paragraph at lines 2--7
[]
 []

)
! Emergency stop.
<*> review.tex
              
*** (job aborted, no legal \end found)

 
Here is how much of TeX's memory you used:
 4 strings out of 493638
 38 string characters out of 6146796
 53592 words of memory out of 5000000
 3505 multiletter control sequences out of 15000+600000
 3640 words of font info for 14 fonts, out of 8000000 for 9000
 1328 hyphenation exceptions out of 8191
 5i,0n,4p,34b,16s stack positions out of 5000i,500n,10000p,200000b,80000s
No pages of output.
