This is XeTeX, Version 3.14159265-2.6-0.99992 (TeX Live 2015/Debian) (preloaded format=xelatex 2018.4.26)  1 MAY 2018 20:44
entering extended mode
 restricted \write18 enabled.
 %&-line parsing enabled.
**ways.tex
(./ways.tex
LaTeX2e <2016/02/01>
Babel <3.9q> and hyphenation patterns for 81 language(s) loaded.

! LaTeX Error: Environment conclusion undefined.

See the LaTeX manual or LaTeX Companion for explanation.
Type  H <return>  for immediate help.
 ...                                              
                                                  
l.1 \begin{conclusion}
                      
Your command was ignored.
Type  I <command> <return>  to replace it with another command,
or  <return>  to continue without it.

! Undefined control sequence.
l.4 \chapter
            {配电柜图片模糊度检测方法研究}
The control sequence at the end of the top line
of your error message was never \def'ed. If you have
misspelled it (e.g., `\hobx'), type `I' and the correct
spelling (e.g., `I\hbox'). Otherwise just continue,
and I'll forget about whatever was undefined.


! LaTeX Error: Missing \begin{document}.

See the LaTeX manual or LaTeX Companion for explanation.
Type  H <return>  for immediate help.
 ...                                              
                                                  
l.4 \chapter{配
                电柜图片模糊度检测方法研究}
You're in trouble here.  Try typing  <return>  to proceed.
If that doesn't work, type  X <return>  to quit.

Missing character: There is no 配 in font nullfont!
Missing character: There is no 电 in font nullfont!
Missing character: There is no 柜 in font nullfont!
Missing character: There is no 图 in font nullfont!
Missing character: There is no 片 in font nullfont!
Missing character: There is no 模 in font nullfont!
Missing character: There is no 糊 in font nullfont!
Missing character: There is no 度 in font nullfont!
Missing character: There is no 检 in font nullfont!
Missing character: There is no 测 in font nullfont!
Missing character: There is no 方 in font nullfont!
Missing character: There is no 法 in font nullfont!
Missing character: There is no 研 in font nullfont!
Missing character: There is no 究 in font nullfont!
! Undefined control sequence.
l.5 \section
            {图片模糊度检测}
The control sequence at the end of the top line
of your error message was never \def'ed. If you have
misspelled it (e.g., `\hobx'), type `I' and the correct
spelling (e.g., `I\hbox'). Otherwise just continue,
and I'll forget about whatever was undefined.

Missing character: There is no 图 in font nullfont!
Missing character: There is no 片 in font nullfont!
Missing character: There is no 模 in font nullfont!
Missing character: There is no 糊 in font nullfont!
Missing character: There is no 度 in font nullfont!
Missing character: There is no 检 in font nullfont!
Missing character: There is no 测 in font nullfont!
! Undefined control sequence.
l.6 \section
            {配低柜图片模糊度检测方法设计}
The control sequence at the end of the top line
of your error message was never \def'ed. If you have
misspelled it (e.g., `\hobx'), type `I' and the correct
spelling (e.g., `I\hbox'). Otherwise just continue,
and I'll forget about whatever was undefined.

Missing character: There is no 配 in font nullfont!
Missing character: There is no 低 in font nullfont!
Missing character: There is no 柜 in font nullfont!
Missing character: There is no 图 in font nullfont!
Missing character: There is no 片 in font nullfont!
Missing character: There is no 模 in font nullfont!
Missing character: There is no 糊 in font nullfont!
Missing character: There is no 度 in font nullfont!
Missing character: There is no 检 in font nullfont!
Missing character: There is no 测 in font nullfont!
Missing character: There is no 方 in font nullfont!
Missing character: There is no 法 in font nullfont!
Missing character: There is no 设 in font nullfont!
Missing character: There is no 计 in font nullfont!
! Undefined control sequence.
l.7 \section
            {实验结果分析}
The control sequence at the end of the top line
of your error message was never \def'ed. If you have
misspelled it (e.g., `\hobx'), type `I' and the correct
spelling (e.g., `I\hbox'). Otherwise just continue,
and I'll forget about whatever was undefined.

Missing character: There is no 实 in font nullfont!
Missing character: There is no 验 in font nullfont!
Missing character: There is no 结 in font nullfont!
Missing character: There is no 果 in font nullfont!
Missing character: There is no 分 in font nullfont!
Missing character: There is no 析 in font nullfont!

! LaTeX Error: \begin{document} ended by \end{conclusion}.

See the LaTeX manual or LaTeX Companion for explanation.
Type  H <return>  for immediate help.
 ...                                              
                                                  
l.8 \end{conclusion}
                    
Your command was ignored.
Type  I <command> <return>  to replace it with another command,
or  <return>  to continue without it.


Overfull \hbox (20.0pt too wide) in paragraph at lines 4--9
[]
 []

)
! Emergency stop.
<*> ways.tex
            
*** (job aborted, no legal \end found)

 
Here is how much of TeX's memory you used:
 6 strings out of 493638
 53 string characters out of 6146796
 53592 words of memory out of 5000000
 3507 multiletter control sequences out of 15000+600000
 3640 words of font info for 14 fonts, out of 8000000 for 9000
 1328 hyphenation exceptions out of 8191
 6i,0n,6p,95b,19s stack positions out of 5000i,500n,10000p,200000b,80000s
No pages of output.
