\BOOKMARK [0][-]{chapter*.1}{\376\377\144\130\000\040\211\201}{}% 1
\BOOKMARK [0][-]{chapter*.2}{\376\377\000A\000b\000s\000t\000r\000a\000c\000t}{}% 2
\BOOKMARK [0][-]{chapter.1}{\376\377\173\054\000\040\0001\000\040\172\340\000\040\000\040\176\352\213\272}{}% 3
\BOOKMARK [1][-]{section.1.1}{\376\377\0001\000.\0001\000\040\213\376\230\230\170\024\172\166\200\314\146\157\123\312\141\017\116\111}{chapter.1}% 4
\BOOKMARK [1][-]{section.1.2}{\376\377\0001\000.\0002\000\040\126\375\121\205\124\214\126\375\131\026\170\024\172\166\163\260\162\266}{chapter.1}% 5
\BOOKMARK [1][-]{section.1.3}{\376\377\0001\000.\0003\000\040\213\376\230\230\166\204\147\145\156\220}{chapter.1}% 6
\BOOKMARK [1][-]{section.1.4}{\376\377\0001\000.\0004\000\040\213\376\230\230\166\204\116\073\211\201\135\345\117\134}{chapter.1}% 7
\BOOKMARK [0][-]{chapter*.4}{\376\377\176\323\000\040\213\272}{}% 8
\BOOKMARK [0][-]{chapter.2}{\376\377\173\054\000\040\0002\000\040\172\340\000\040\000\040\221\115\165\065\147\334\135\345\117\134\162\266\140\001\137\353\220\037\150\300\155\113\145\164\117\123\145\271\150\110}{}% 9
\BOOKMARK [1][-]{section.2.1}{\376\377\0002\000.\0001\000\040\221\115\165\065\147\334\135\345\117\134\162\266\140\001\137\353\220\037\150\300\155\113\174\373\176\337}{chapter.2}% 10
\BOOKMARK [1][-]{section.2.2}{\376\377\0002\000.\0002\000\040\221\115\165\065\147\334\135\345\117\134\162\266\140\001\137\353\220\037\150\300\155\113\174\373\176\337\166\204\213\276\213\241\145\271\150\110}{chapter.2}% 11
\BOOKMARK [1][-]{section.2.3}{\376\377\0002\000.\0003\000\040\221\115\165\065\147\334\135\345\117\134\162\266\140\001\137\353\220\037\150\300\155\113\174\373\176\337\166\204\116\073\211\201\122\237\200\375\124\214\142\200\147\057\143\007\150\007}{chapter.2}% 12
\BOOKMARK [0][-]{chapter*.5}{\376\377\176\323\000\040\213\272}{}% 13
\BOOKMARK [0][-]{chapter.3}{\376\377\173\054\000\040\0003\000\040\172\340\000\040\000\040\221\115\165\065\147\334\126\376\162\107\152\041\174\312\136\246\150\300\155\113\145\271\154\325\170\024\172\166}{}% 14
\BOOKMARK [1][-]{section.3.1}{\376\377\0003\000.\0001\000\040\126\376\162\107\152\041\174\312\136\246\150\300\155\113}{chapter.3}% 15
\BOOKMARK [1][-]{section.3.2}{\376\377\0003\000.\0002\000\040\221\115\117\116\147\334\126\376\162\107\152\041\174\312\136\246\150\300\155\113\145\271\154\325\213\276\213\241}{chapter.3}% 16
\BOOKMARK [1][-]{section.3.3}{\376\377\0003\000.\0003\000\040\133\236\232\214\176\323\147\234\122\006\147\220}{chapter.3}% 17
\BOOKMARK [0][-]{chapter*.6}{\376\377\176\323\000\040\213\272}{}% 18
\BOOKMARK [0][-]{chapter.4}{\376\377\173\054\000\040\0004\000\040\172\340\000\040\000\040\221\115\165\065\147\334\135\345\117\134\162\266\140\001\137\353\220\037\150\300\155\113\174\373\176\337\166\204\217\157\116\366\213\276\213\241\116\016\137\000\123\321}{}% 19
\BOOKMARK [1][-]{section.4.1}{\376\377\0004\000.\0001\000\040\174\373\176\337\166\204\135\345\117\134\123\237\164\006\116\016\155\101\172\013}{chapter.4}% 20
\BOOKMARK [1][-]{section.4.2}{\376\377\0004\000.\0002\000\040\174\373\176\337\166\204\217\157\116\366\213\276\213\241\116\016\137\000\123\321}{chapter.4}% 21
\BOOKMARK [0][-]{chapter.5}{\376\377\173\054\000\040\0005\000\040\172\340\000\040\000\040\174\373\176\337\155\113\213\325\116\016\133\236\232\214\176\323\147\234\122\006\147\220}{}% 22
\BOOKMARK [1][-]{section.5.1}{\376\377\0005\000.\0001\000\040\155\113\213\325\145\271\150\110}{chapter.5}% 23
\BOOKMARK [1][-]{section.5.2}{\376\377\0005\000.\0002\000\040\174\373\176\337\155\113\221\317\174\276\136\246\155\113\213\325}{chapter.5}% 24
\BOOKMARK [1][-]{section.5.3}{\376\377\0005\000.\0003\000\040\213\357\135\356\122\006\147\220}{chapter.5}% 25
\BOOKMARK [0][-]{chapter*.7}{\376\377\176\323\000\040\213\272}{}% 26
\BOOKMARK [0][-]{chapter.6}{\376\377\173\054\000\040\0006\000\040\172\340\000\040\000\040\140\073\176\323\116\016\134\125\147\033}{}% 27
\BOOKMARK [1][-]{section.6.1}{\376\377\0006\000.\0001\000\040\116\073\211\201\176\323\147\234}{chapter.6}% 28
\BOOKMARK [1][-]{section.6.2}{\376\377\0006\000.\0002\000\040\122\033\145\260\160\271}{chapter.6}% 29
\BOOKMARK [1][-]{section.6.3}{\376\377\0006\000.\0003\000\040\134\125\147\033}{chapter.6}% 30
\BOOKMARK [0][-]{chapter*.8}{\376\377\201\364\000\040\214\042}{}% 31
